<?xml version="1.0" encoding="UTF-8"?>
<testsuite xmlns:xsi="http://www.w3.org/2001/XMLSchema-instance" xsi:noNamespaceSchemaLocation="https://maven.apache.org/surefire/maven-surefire-plugin/xsd/surefire-test-report-3.0.xsd" version="3.0" name="com.basic.framework.test.setUp.testcases.ShuffleCardTest" time="6.132" tests="1" errors="0" skipped="0" failures="0">
  <properties>
[...]
</properties>
  <testcase name="drawTheCards" classname="com.basic.framework.test.setUp.testcases.ShuffleCardTest" time="5.329">
    <system-out><![CDATA[HTTP/1.1 200 OK
Date: Sun, 26 Jun 2022 19:09:44 GMT
Content-Type: application/json
Transfer-Encoding: chunked
Connection: keep-alive
Access-Control-Allow-Origin: *
X-Content-Type-Options: nosniff
Referrer-Policy: same-origin
X-Frame-Options: DENY
Vary: Origin
CF-Cache-Status: DYNAMIC
Expect-CT: max-age=604800, report-uri="https://report-uri.cloudflare.com/cdn-cgi/beacon/expect-ct"
Report-To: {"endpoints":[{"url":"https:\/\/a.nel.cloudflare.com\/report\/v3?s=IzBgieo0kuLIiG1vfc%2FAKzWgtEv3h%2FA1AYgsH%2BFlBoWMbG%2FA5qDSDmm7115%2FewhmxkcGr0v%2B%2FQe%2BdSWpIHht376ny8jrgJtDDa%2FTVIq%2F3ffHrxt5q0j9OcxzfWRw99Qsq0Z9GqU%3D"}],"group":"cf-nel","max_age":604800}
NEL: {"success_fraction":0,"report_to":"cf-nel","max_age":604800}
Server: cloudflare
CF-RAY: 72183d303fee789d-VIE
Content-Encoding: gzip
alt-svc: h3=":443"; ma=86400, h3-29=":443"; ma=86400

{
    "success": true,
    "deck_id": "lhbu1snzq062",
    "remaining": 52,
    "shuffled": true
}
HTTP/1.1 200 OK
Date: Sun, 26 Jun 2022 19:09:46 GMT
Content-Type: application/json
Transfer-Encoding: chunked
Connection: keep-alive
Access-Control-Allow-Origin: *
X-Content-Type-Options: nosniff
Referrer-Policy: same-origin
X-Frame-Options: DENY
Vary: Origin
CF-Cache-Status: DYNAMIC
Expect-CT: max-age=604800, report-uri="https://report-uri.cloudflare.com/cdn-cgi/beacon/expect-ct"
Report-To: {"endpoints":[{"url":"https:\/\/a.nel.cloudflare.com\/report\/v3?s=%2FTWOAUs32UyiC4i7o7eDmq1BYgKP9XWpW2h8dnF3sIayMc03cbfyBiSPOmQStfHFkZ5xm6rmcszI7ca%2FCi81GZDKHyunprgJL2wWaWWvoHtX14gku5RxzicJ7dK1ZvsEupwn3G4%3D"}],"group":"cf-nel","max_age":604800}
NEL: {"success_fraction":0,"report_to":"cf-nel","max_age":604800}
Server: cloudflare
CF-RAY: 72183d3c2f707875-VIE
Content-Encoding: gzip
alt-svc: h3=":443"; ma=86400, h3-29=":443"; ma=86400

{
    "success": true,
    "deck_id": "lhbu1snzq062",
    "cards": [
        {
            "code": "5C",
            "image": "https://deckofcardsapi.com/static/img/5C.png",
            "images": {
                "svg": "https://deckofcardsapi.com/static/img/5C.svg",
                "png": "https://deckofcardsapi.com/static/img/5C.png"
            },
            "value": "5",
            "suit": "CLUBS"
        },
        {
            "code": "0H",
            "image": "https://deckofcardsapi.com/static/img/0H.png",
            "images": {
                "svg": "https://deckofcardsapi.com/static/img/0H.svg",
                "png": "https://deckofcardsapi.com/static/img/0H.png"
            },
            "value": "10",
            "suit": "HEARTS"
        }
    ],
    "remaining": 50
}
Records from 0 iteration
5C
https://deckofcardsapi.com/static/img/5C.png
{svg=https://deckofcardsapi.com/static/img/5C.svg, png=https://deckofcardsapi.com/static/img/5C.png}
5
CLUBS

Records from 1 iteration
0H
https://deckofcardsapi.com/static/img/0H.png
{svg=https://deckofcardsapi.com/static/img/0H.svg, png=https://deckofcardsapi.com/static/img/0H.png}
10
HEARTS

]]></system-out>
  </testcase>
</testsuite>